<?xml version="1.0" encoding="UTF-8"?>
<robot generator="Robot 3.2.2 (Python 3.8.5 on win32)" generated="20201218 00:01:32.324" rpa="false">
<suite id="s1" name="TC1" source="E:\work\IT-Enterprise\IT-Enterprise_Test\TestCases\TC1.robot">
<test id="s1-t1" name="Verify basic search functionality">
<kw name="Start TestCase" library="HeaderPage">
<arguments>
<arg>${url}</arg>
<arg>${browser}</arg>
</arguments>
<kw name="Open Browser" library="SeleniumLibrary">
<doc>Opens a new browser instance to the optional ``url``.</doc>
<arguments>
<arg>${url}</arg>
<arg>${browser}</arg>
</arguments>
<msg timestamp="20201218 00:01:32.492" level="INFO">Opening browser 'chrome' to base url 'https://hotline.ua'.</msg>
<status status="PASS" starttime="20201218 00:01:32.492" endtime="20201218 00:01:37.995"></status>
</kw>
<kw name="Maximize Browser Window" library="SeleniumLibrary">
<doc>Maximizes current browser window.</doc>
<status status="PASS" starttime="20201218 00:01:37.995" endtime="20201218 00:01:40.112"></status>
</kw>
<status status="PASS" starttime="20201218 00:01:32.491" endtime="20201218 00:01:40.112"></status>
</kw>
<kw name="Input Search Text and Click Search" library="HeaderPage">
<arguments>
<arg>iPhone 7</arg>
</arguments>
<kw name="Input Text" library="SeleniumLibrary">
<doc>Types the given ``text`` into the text field identified by ``locator``.</doc>
<arguments>
<arg>${txt_searchbox}</arg>
<arg>${itemname}</arg>
</arguments>
<msg timestamp="20201218 00:01:40.114" level="INFO">Typing text 'iPhone 7' into text field 'id:searchbox'.</msg>
<status status="PASS" starttime="20201218 00:01:40.113" endtime="20201218 00:01:40.230"></status>
</kw>
<kw name="Press Keys" library="SeleniumLibrary">
<doc>Simulates the user pressing key(s) to an element or on the active browser.</doc>
<arguments>
<arg>${btn_search}</arg>
<arg>[Return]</arg>
</arguments>
<msg timestamp="20201218 00:01:40.231" level="INFO">Sending key(s) ('[Return]',) to id:doSearch element.</msg>
<msg timestamp="20201218 00:01:40.554" level="INFO">Sending keys [Return]</msg>
<status status="PASS" starttime="20201218 00:01:40.230" endtime="20201218 00:01:40.565"></status>
</kw>
<status status="PASS" starttime="20201218 00:01:40.113" endtime="20201218 00:01:40.565"></status>
</kw>
<kw name="Click On Result" library="SearchResults">
<kw name="Wait Until Element Is Enabled" library="SeleniumLibrary">
<doc>Waits until the element ``locator`` is enabled.</doc>
<arguments>
<arg>${Itemlistlocator}</arg>
</arguments>
<status status="PASS" starttime="20201218 00:01:40.566" endtime="20201218 00:01:44.307"></status>
</kw>
<kw name="Click Link" library="SeleniumLibrary">
<doc>Clicks a link identified by ``locator``.</doc>
<arguments>
<arg>${ItemListLocator}</arg>
</arguments>
<msg timestamp="20201218 00:01:44.307" level="INFO">Clicking link '(//*[@class='products-list cell-list']/li/div[2]/p/a)[1]'.</msg>
<status status="PASS" starttime="20201218 00:01:44.307" endtime="20201218 00:01:45.016"></status>
</kw>
<status status="PASS" starttime="20201218 00:01:40.565" endtime="20201218 00:01:45.017"></status>
</kw>
<doc>This test case verifies the basic search</doc>
<tags>
<tag>Functional</tag>
</tags>
<status status="PASS" starttime="20201218 00:01:32.490" endtime="20201218 00:01:45.017" critical="yes"></status>
</test>
<status status="PASS" starttime="20201218 00:01:32.325" endtime="20201218 00:01:45.019"></status>
</suite>
<statistics>
<total>
<stat pass="1" fail="0">Critical Tests</stat>
<stat pass="1" fail="0">All Tests</stat>
</total>
<tag>
<stat pass="1" fail="0">Functional</stat>
</tag>
<suite>
<stat pass="1" fail="0" id="s1" name="TC1">TC1</stat>
</suite>
</statistics>
<errors>
</errors>
</robot>
